<?xml version="1.0" encoding="UTF-8"?>
<!-- Generated by org.testng.reporters.JUnitXMLReporter -->
<testsuite ignored="2" name="Test" tests="3" failures="1" timestamp="27 Sep 2017 12:05:18 GMT" time="122.522" errors="0">
  <testcase name="@AfterMethod endTest" time="0.001" classname="scripts.SuperTestNG">
    <failure type="java.lang.NullPointerException">
      <![CDATA[java.lang.NullPointerException
	at scripts.SuperTestNG.endTest(SuperTestNG.java:93)
... Removed 27 stack frames]]>
    </failure>
  </testcase> <!-- @AfterMethod endTest -->
  <testcase name="@BeforeMethod precondition" time="0.0" classname="scripts.SuperTestNG">
    <skipped/>
  </testcase> <!-- @BeforeMethod precondition -->
  <testcase name="@AfterMethod endTest" time="0.0" classname="scripts.SuperTestNG">
    <skipped/>
  </testcase> <!-- @AfterMethod endTest -->
  <testcase name="@AfterTest postcondition" time="0.0" classname="scripts.SuperTestNG">
    <skipped/>
  </testcase> <!-- @AfterTest postcondition -->
  <testcase name="buy_Item" time="106.541" classname="scripts.BuyItem"/>
  <testcase name="HomePage" time="0.007" classname="scripts.Home_Page_Test">
    <failure type="java.lang.NullPointerException">
      <![CDATA[java.lang.NullPointerException
	at scripts.Home_Page_Test.HomePage(Home_Page_Test.java:21)
... Removed 25 stack frames]]>
    </failure>
  </testcase> <!-- HomePage -->
  <testcase name="failTest" time="0.0" classname="scripts.Home_Page_Test">
    <skipped/>
  </testcase> <!-- failTest -->
  <testcase name="@BeforeTest beforeTest" time="0.0" classname="scripts.SuperTestNG">
    <ignored/>
  </testcase> <!-- @BeforeTest beforeTest -->
  <testcase name="@AfterTest postcondition" time="0.0" classname="scripts.SuperTestNG">
    <ignored/>
  </testcase> <!-- @AfterTest postcondition -->
</testsuite> <!-- Test -->
