<?xml version="1.0" encoding="UTF-8"?>
<testng-results skipped="1" failed="1" ignored="2" total="5" passed="1">
  <reporter-output>
  </reporter-output>
  <suite name="Suite" duration-ms="122522" started-at="2017-09-27T12:03:15Z" finished-at="2017-09-27T12:05:17Z">
    <groups>
    </groups>
    <test name="Test" duration-ms="122522" started-at="2017-09-27T12:03:15Z" finished-at="2017-09-27T12:05:17Z">
      <class name="scripts.BuyItem">
        <test-method status="PASS" signature="beforeTest()[pri:0, instance:scripts.BuyItem@5e5792a0]" name="beforeTest" is-config="true" duration-ms="1195" started-at="2017-09-27T17:33:15Z" finished-at="2017-09-27T17:33:16Z">
          <reporter-output>
          </reporter-output>
        </test-method> <!-- beforeTest -->
        <test-method status="PASS" signature="precondition()[pri:0, instance:scripts.BuyItem@5e5792a0]" name="precondition" is-config="true" duration-ms="7446" started-at="2017-09-27T17:33:16Z" finished-at="2017-09-27T17:33:24Z">
          <reporter-output>
          </reporter-output>
        </test-method> <!-- precondition -->
        <test-method status="PASS" signature="buy_Item()[pri:1, instance:scripts.BuyItem@5e5792a0]" name="buy_Item" duration-ms="106541" started-at="2017-09-27T17:33:24Z" finished-at="2017-09-27T17:35:10Z">
          <reporter-output>
          </reporter-output>
        </test-method> <!-- buy_Item -->
        <test-method status="PASS" signature="endTest(org.testng.ITestResult)[pri:0, instance:scripts.BuyItem@5e5792a0]" name="endTest" is-config="true" duration-ms="3" started-at="2017-09-27T17:35:10Z" finished-at="2017-09-27T17:35:10Z">
          <params>
            <param index="0">
              <value>
                <![CDATA[[TestResult name=buy_Item status=SUCCESS method=BuyItem.buy_Item()[pri:1, instance:scripts.BuyItem@5e5792a0] output={null}]]]>
              </value>
            </param>
          </params>
          <reporter-output>
          </reporter-output>
        </test-method> <!-- endTest -->
        <test-method status="SKIP" signature="postcondition()[pri:0, instance:scripts.BuyItem@5e5792a0]" name="postcondition" is-config="true" duration-ms="0" started-at="2017-09-27T17:35:17Z" finished-at="2017-09-27T17:35:17Z">
          <reporter-output>
          </reporter-output>
        </test-method> <!-- postcondition -->
      </class> <!-- scripts.BuyItem -->
      <class name="scripts.Home_Page_Test">
        <test-method status="PASS" signature="precondition()[pri:0, instance:scripts.Home_Page_Test@26653222]" name="precondition" is-config="true" duration-ms="6692" started-at="2017-09-27T17:35:10Z" finished-at="2017-09-27T17:35:17Z">
          <reporter-output>
          </reporter-output>
        </test-method> <!-- precondition -->
        <test-method status="FAIL" signature="HomePage()[pri:1, instance:scripts.Home_Page_Test@26653222]" name="HomePage" duration-ms="7" started-at="2017-09-27T17:35:17Z" finished-at="2017-09-27T17:35:17Z">
          <exception class="java.lang.NullPointerException">
            <full-stacktrace>
              <![CDATA[java.lang.NullPointerException
	at scripts.Home_Page_Test.HomePage(Home_Page_Test.java:21)
	at sun.reflect.NativeMethodAccessorImpl.invoke0(Native Method)
	at sun.reflect.NativeMethodAccessorImpl.invoke(NativeMethodAccessorImpl.java:62)
	at sun.reflect.DelegatingMethodAccessorImpl.invoke(DelegatingMethodAccessorImpl.java:43)
	at java.lang.reflect.Method.invoke(Method.java:498)
	at org.testng.internal.MethodInvocationHelper.invokeMethod(MethodInvocationHelper.java:108)
	at org.testng.internal.Invoker.invokeMethod(Invoker.java:669)
	at org.testng.internal.Invoker.invokeTestMethod(Invoker.java:877)
	at org.testng.internal.Invoker.invokeTestMethods(Invoker.java:1201)
	at org.testng.internal.TestMethodWorker.invokeTestMethods(TestMethodWorker.java:125)
	at org.testng.internal.TestMethodWorker.run(TestMethodWorker.java:109)
	at org.testng.TestRunner.privateRun(TestRunner.java:776)
	at org.testng.TestRunner.run(TestRunner.java:634)
	at org.testng.SuiteRunner.runTest(SuiteRunner.java:425)
	at org.testng.SuiteRunner.runSequentially(SuiteRunner.java:420)
	at org.testng.SuiteRunner.privateRun(SuiteRunner.java:385)
	at org.testng.SuiteRunner.run(SuiteRunner.java:334)
	at org.testng.SuiteRunnerWorker.runSuite(SuiteRunnerWorker.java:52)
	at org.testng.SuiteRunnerWorker.run(SuiteRunnerWorker.java:86)
	at org.testng.TestNG.runSuitesSequentially(TestNG.java:1318)
	at org.testng.TestNG.runSuitesLocally(TestNG.java:1243)
	at org.testng.TestNG.runSuites(TestNG.java:1161)
	at org.testng.TestNG.run(TestNG.java:1129)
	at org.testng.remote.AbstractRemoteTestNG.run(AbstractRemoteTestNG.java:114)
	at org.testng.remote.RemoteTestNG.initAndRun(RemoteTestNG.java:251)
	at org.testng.remote.RemoteTestNG.main(RemoteTestNG.java:77)
]]>
            </full-stacktrace>
          </exception> <!-- java.lang.NullPointerException -->
          <reporter-output>
          </reporter-output>
        </test-method> <!-- HomePage -->
        <test-method status="FAIL" signature="endTest(org.testng.ITestResult)[pri:0, instance:scripts.Home_Page_Test@26653222]" name="endTest" is-config="true" duration-ms="1" started-at="2017-09-27T17:35:17Z" finished-at="2017-09-27T17:35:17Z">
          <params>
            <param index="0">
              <value>
                <![CDATA[[TestResult name=HomePage status=FAILURE method=Home_Page_Test.HomePage()[pri:1, instance:scripts.Home_Page_Test@26653222] output={null}]]]>
              </value>
            </param>
          </params>
          <exception class="java.lang.NullPointerException">
            <full-stacktrace>
              <![CDATA[java.lang.NullPointerException
	at scripts.SuperTestNG.endTest(SuperTestNG.java:93)
	at sun.reflect.NativeMethodAccessorImpl.invoke0(Native Method)
	at sun.reflect.NativeMethodAccessorImpl.invoke(NativeMethodAccessorImpl.java:62)
	at sun.reflect.DelegatingMethodAccessorImpl.invoke(DelegatingMethodAccessorImpl.java:43)
	at java.lang.reflect.Method.invoke(Method.java:498)
	at org.testng.internal.MethodInvocationHelper.invokeMethod(MethodInvocationHelper.java:108)
	at org.testng.internal.Invoker.invokeConfigurationMethod(Invoker.java:523)
	at org.testng.internal.Invoker.invokeConfigurations(Invoker.java:224)
	at org.testng.internal.Invoker.invokeMethod(Invoker.java:731)
	at org.testng.internal.Invoker.invokeTestMethod(Invoker.java:877)
	at org.testng.internal.Invoker.invokeTestMethods(Invoker.java:1201)
	at org.testng.internal.TestMethodWorker.invokeTestMethods(TestMethodWorker.java:125)
	at org.testng.internal.TestMethodWorker.run(TestMethodWorker.java:109)
	at org.testng.TestRunner.privateRun(TestRunner.java:776)
	at org.testng.TestRunner.run(TestRunner.java:634)
	at org.testng.SuiteRunner.runTest(SuiteRunner.java:425)
	at org.testng.SuiteRunner.runSequentially(SuiteRunner.java:420)
	at org.testng.SuiteRunner.privateRun(SuiteRunner.java:385)
	at org.testng.SuiteRunner.run(SuiteRunner.java:334)
	at org.testng.SuiteRunnerWorker.runSuite(SuiteRunnerWorker.java:52)
	at org.testng.SuiteRunnerWorker.run(SuiteRunnerWorker.java:86)
	at org.testng.TestNG.runSuitesSequentially(TestNG.java:1318)
	at org.testng.TestNG.runSuitesLocally(TestNG.java:1243)
	at org.testng.TestNG.runSuites(TestNG.java:1161)
	at org.testng.TestNG.run(TestNG.java:1129)
	at org.testng.remote.AbstractRemoteTestNG.run(AbstractRemoteTestNG.java:114)
	at org.testng.remote.RemoteTestNG.initAndRun(RemoteTestNG.java:251)
	at org.testng.remote.RemoteTestNG.main(RemoteTestNG.java:77)
]]>
            </full-stacktrace>
          </exception> <!-- java.lang.NullPointerException -->
          <reporter-output>
          </reporter-output>
        </test-method> <!-- endTest -->
        <test-method status="SKIP" signature="precondition()[pri:0, instance:scripts.Home_Page_Test@26653222]" name="precondition" is-config="true" duration-ms="0" started-at="2017-09-27T17:35:17Z" finished-at="2017-09-27T17:35:17Z">
          <reporter-output>
          </reporter-output>
        </test-method> <!-- precondition -->
        <test-method status="SKIP" signature="failTest()[pri:2, instance:scripts.Home_Page_Test@26653222]" name="failTest" duration-ms="0" started-at="2017-09-27T17:35:17Z" finished-at="2017-09-27T17:35:17Z">
          <exception class="java.lang.NullPointerException">
            <full-stacktrace>
              <![CDATA[java.lang.NullPointerException
	at scripts.SuperTestNG.endTest(SuperTestNG.java:93)
	at sun.reflect.NativeMethodAccessorImpl.invoke0(Native Method)
	at sun.reflect.NativeMethodAccessorImpl.invoke(NativeMethodAccessorImpl.java:62)
	at sun.reflect.DelegatingMethodAccessorImpl.invoke(DelegatingMethodAccessorImpl.java:43)
	at java.lang.reflect.Method.invoke(Method.java:498)
	at org.testng.internal.MethodInvocationHelper.invokeMethod(MethodInvocationHelper.java:108)
	at org.testng.internal.Invoker.invokeConfigurationMethod(Invoker.java:523)
	at org.testng.internal.Invoker.invokeConfigurations(Invoker.java:224)
	at org.testng.internal.Invoker.invokeMethod(Invoker.java:731)
	at org.testng.internal.Invoker.invokeTestMethod(Invoker.java:877)
	at org.testng.internal.Invoker.invokeTestMethods(Invoker.java:1201)
	at org.testng.internal.TestMethodWorker.invokeTestMethods(TestMethodWorker.java:125)
	at org.testng.internal.TestMethodWorker.run(TestMethodWorker.java:109)
	at org.testng.TestRunner.privateRun(TestRunner.java:776)
	at org.testng.TestRunner.run(TestRunner.java:634)
	at org.testng.SuiteRunner.runTest(SuiteRunner.java:425)
	at org.testng.SuiteRunner.runSequentially(SuiteRunner.java:420)
	at org.testng.SuiteRunner.privateRun(SuiteRunner.java:385)
	at org.testng.SuiteRunner.run(SuiteRunner.java:334)
	at org.testng.SuiteRunnerWorker.runSuite(SuiteRunnerWorker.java:52)
	at org.testng.SuiteRunnerWorker.run(SuiteRunnerWorker.java:86)
	at org.testng.TestNG.runSuitesSequentially(TestNG.java:1318)
	at org.testng.TestNG.runSuitesLocally(TestNG.java:1243)
	at org.testng.TestNG.runSuites(TestNG.java:1161)
	at org.testng.TestNG.run(TestNG.java:1129)
	at org.testng.remote.AbstractRemoteTestNG.run(AbstractRemoteTestNG.java:114)
	at org.testng.remote.RemoteTestNG.initAndRun(RemoteTestNG.java:251)
	at org.testng.remote.RemoteTestNG.main(RemoteTestNG.java:77)
]]>
            </full-stacktrace>
          </exception> <!-- java.lang.NullPointerException -->
          <reporter-output>
          </reporter-output>
        </test-method> <!-- failTest -->
        <test-method status="SKIP" signature="endTest(org.testng.ITestResult)[pri:0, instance:scripts.Home_Page_Test@26653222]" name="endTest" is-config="true" duration-ms="0" started-at="2017-09-27T17:35:17Z" finished-at="2017-09-27T17:35:17Z">
          <reporter-output>
          </reporter-output>
        </test-method> <!-- endTest -->
      </class> <!-- scripts.Home_Page_Test -->
    </test> <!-- Test -->
  </suite> <!-- Suite -->
</testng-results>
